Build started 23/06/2015 2:16:10 PM.
     1>Project "C:\Users\TEMP\Documents\Visual Studio 2013\Projects\AIEProjects-StarterTemplate\Project1\Project1.vcxproj" on node 2 (Build target(s)).
     1>ClCompile:
         C:\Program Files (x86)\Microsoft Visual Studio 12.0\VC\bin\CL.exe /c /I"C:\Users\TEMP\Documents\Visual Studio 2013\Projects\AIEProjects-StarterTemplate\AIE_GL\include\\" /I"C:\Users\TEMP\Documents\Visual Studio 2013\Projects\AIEProjects-StarterTemplate\libraries\glfw3\include\GLFW\\" /I"C:\Users\TEMP\Documents\Visual Studio 2013\Projects\AIEProjects-StarterTemplate\libraries\glew\include\\" /I"C:\Users\TEMP\Documents\Visual Studio 2013\Projects\AIEProjects-StarterTemplate\Project1\include\\" /I"C:\Users\TEMP\Documents\Visual Studio 2013\Projects\AIEProjects-StarterTemplate\libraries\glm\\" /Zi /nologo /W3 /WX- /O2 /Oi /Oy- /GL /D WIN32 /D NDEBUG /D _CONSOLE /D _UNICODE /D UNICODE /Gm- /EHsc /MD /GS /Gy /fp:precise /Zc:wchar_t /Zc:forScope /Fo"C:\Users\TEMP\Documents\Visual Studio 2013\Projects\AIEProjects-StarterTemplate\CompilerJunk\Project1Release\\" /Fd"C:\Users\TEMP\Documents\Visual Studio 2013\Projects\AIEProjects-StarterTemplate\CompilerJunk\Project1Release\vc120.pdb" /Gd /TP /analyze- /errorReport:prompt main.cpp source\Edge.cpp source\Game1.cpp source\Graph.cpp source\Node.cpp
         main.cpp
         Edge.cpp
         Game1.cpp
         Graph.cpp
     1>source\Graph.cpp(13): warning C4154: deletion of an array expression; conversion to pointer supplied
         Node.cpp
     1>source\Node.cpp(31): warning C4154: deletion of an array expression; conversion to pointer supplied
       Link:
         C:\Program Files (x86)\Microsoft Visual Studio 12.0\VC\bin\link.exe /ERRORREPORT:PROMPT /OUT:"C:\Users\TEMP\Documents\Visual Studio 2013\Projects\AIEProjects-StarterTemplate\Compiled\Project1Release\Project1.exe" /INCREMENTAL:NO /NOLOGO /LIBPATH:"C:\Users\TEMP\Documents\Visual Studio 2013\Projects\AIEProjects-StarterTemplate\AIE_GL\bin\\" /LIBPATH:"C:\Users\TEMP\Documents\Visual Studio 2013\Projects\AIEProjects-StarterTemplate\libraries\glew\lib\Release\Win32\\" /LIBPATH:"C:\Users\TEMP\Documents\Visual Studio 2013\Projects\AIEProjects-StarterTemplate\libraries\glfw3\lib-vc2013\\" OpenGL32.lib AIE_GL.lib glew32.lib glfw3.lib kernel32.lib user32.lib gdi32.lib winspool.lib comdlg32.lib advapi32.lib shell32.lib ole32.lib oleaut32.lib uuid.lib odbc32.lib odbccp32.lib /MANIFEST /MANIFESTUAC:"level='asInvoker' uiAccess='false'" /manifest:embed /DEBUG /PDB:"C:\Users\TEMP\Documents\Visual Studio 2013\Projects\AIEProjects-StarterTemplate\Compiled\Project1Release\Project1.pdb" /SUBSYSTEM:CONSOLE /OPT:REF /OPT:ICF /LTCG /TLBID:1 /DYNAMICBASE /NXCOMPAT /IMPLIB:"C:\Users\TEMP\Documents\Visual Studio 2013\Projects\AIEProjects-StarterTemplate\Compiled\Project1Release\Project1.lib" /MACHINE:X86 /SAFESEH "C:\Users\TEMP\Documents\Visual Studio 2013\Projects\AIEProjects-StarterTemplate\CompilerJunk\Project1Release\main.obj"
         "C:\Users\TEMP\Documents\Visual Studio 2013\Projects\AIEProjects-StarterTemplate\CompilerJunk\Project1Release\Edge.obj"
         "C:\Users\TEMP\Documents\Visual Studio 2013\Projects\AIEProjects-StarterTemplate\CompilerJunk\Project1Release\Game1.obj"
         "C:\Users\TEMP\Documents\Visual Studio 2013\Projects\AIEProjects-StarterTemplate\CompilerJunk\Project1Release\Graph.obj"
         "C:\Users\TEMP\Documents\Visual Studio 2013\Projects\AIEProjects-StarterTemplate\CompilerJunk\Project1Release\Node.obj"
         Generating code
         Finished generating code
         Project1.vcxproj -> C:\Users\TEMP\Documents\Visual Studio 2013\Projects\AIEProjects-StarterTemplate\Compiled\Project1Release\Project1.exe
     1>Done Building Project "C:\Users\TEMP\Documents\Visual Studio 2013\Projects\AIEProjects-StarterTemplate\Project1\Project1.vcxproj" (Build target(s)).

Build succeeded.

Time Elapsed 00:00:01.32
